# JRE version: OpenJDK Runtime Environment Temurin-17.0.3+7 (17.0.3+7) (build 17.0.3+7)
# Java VM: OpenJDK 64-Bit Server VM Temurin-17.0.3+7 (17.0.3+7, mixed mode, emulated-client, tiered, compressed oops, compressed class ptrs, g1 gc, windows-amd64)
GC Precious Log:
 CPUs: 8 total, 8 available
 Memory: 7932M
 Large Page Support: Disabled
 NUMA Support: Disabled
 Compressed Oops: Enabled (32-bit)
 Heap Region Size: 1M
 Heap Min Capacity: 8M
 Heap Initial Capacity: 124M
 Heap Max Capacity: 1984M
 Pre-touch: Disabled
 Parallel Workers: 8
 Concurrent Workers: 2
 Concurrent Refinement Workers: 8
 Periodic GC: Disabled
Heap:
 garbage-first heap   total 177152K, used 82402K [0x0000000084000000, 0x0000000100000000)
  region size 1024K, 1 young (1024K), 1 survivors (1024K)
 Metaspace       used 71226K, committed 72896K, reserved 1114112K
  class space    used 9299K, committed 10048K, reserved 1048576K
GC Heap History (20 events):
Event: 7684.236 GC heap after
{Heap after GC invocations=159 (full 19):
 garbage-first heap   total 143360K, used 75835K [0x0000000084000000, 0x0000000100000000)
  region size 1024K, 0 young (0K), 0 survivors (0K)
 Metaspace       used 70884K, committed 72384K, reserved 1114112K
  class space    used 9272K, committed 9984K, reserved 1048576K
}
Event: 7684.570 GC heap before
{Heap before GC invocations=159 (full 19):
 garbage-first heap   total 143360K, used 117819K [0x0000000084000000, 0x0000000100000000)
  region size 1024K, 41 young (41984K), 0 survivors (0K)
 Metaspace       used 71079K, committed 72576K, reserved 1114112K
  class space    used 9295K, committed 9984K, reserved 1048576K
}
Event: 7684.573 GC heap after
{Heap after GC invocations=160 (full 19):
 garbage-first heap   total 143360K, used 78907K [0x0000000084000000, 0x0000000100000000)
  region size 1024K, 3 young (3072K), 3 survivors (3072K)
 Metaspace       used 71079K, committed 72576K, reserved 1114112K
  class space    used 9295K, committed 9984K, reserved 1048576K
}
Event: 7685.027 GC heap before
{Heap before GC invocations=161 (full 19):
 garbage-first heap   total 147456K, used 117819K [0x0000000084000000, 0x0000000100000000)
  region size 1024K, 41 young (41984K), 3 survivors (3072K)
 Metaspace       used 71230K, committed 72768K, reserved 1114112K
  class space    used 9303K, committed 10048K, reserved 1048576K
}
Event: 7685.031 GC heap after
{Heap after GC invocations=162 (full 19):
 garbage-first heap   total 147456K, used 81449K [0x0000000084000000, 0x0000000100000000)
  region size 1024K, 6 young (6144K), 6 survivors (6144K)
 Metaspace       used 71230K, committed 72768K, reserved 1114112K
  class space    used 9303K, committed 10048K, reserved 1048576K
}
Event: 7685.038 GC heap before
{Heap before GC invocations=162 (full 19):
 garbage-first heap   total 147456K, used 82473K [0x0000000084000000, 0x0000000100000000)
  region size 1024K, 7 young (7168K), 6 survivors (6144K)
 Metaspace       used 71230K, committed 72768K, reserved 1114112K
  class space    used 9303K, committed 10048K, reserved 1048576K
}
Event: 7685.042 GC heap after
{Heap after GC invocations=163 (full 19):
 garbage-first heap   total 177152K, used 82150K [0x0000000084000000, 0x0000000100000000)
  region size 1024K, 1 young (1024K), 1 survivors (1024K)
 Metaspace       used 71230K, committed 72768K, reserved 1114112K
  class space    used 9303K, committed 10048K, reserved 1048576K
}
Event: 7921.424 GC heap before
{Heap before GC invocations=163 (full 19):
 garbage-first heap   total 177152K, used 144614K [0x0000000084000000, 0x0000000100000000)
  region size 1024K, 62 young (63488K), 1 survivors (1024K)
 Metaspace       used 71320K, committed 72896K, reserved 1114112K
  class space    used 9316K, committed 10048K, reserved 1048576K
}
Event: 7921.428 GC heap after
{Heap after GC invocations=164 (full 19):
 garbage-first heap   total 177152K, used 83265K [0x0000000084000000, 0x0000000100000000)
  region size 1024K, 3 young (3072K), 3 survivors (3072K)
 Metaspace       used 71320K, committed 72896K, reserved 1114112K
  class space    used 9316K, committed 10048K, reserved 1048576K
}
Event: 8275.851 GC heap before
{Heap before GC invocations=165 (full 19):
 garbage-first heap   total 177152K, used 144705K [0x0000000084000000, 0x0000000100000000)
  region size 1024K, 63 young (64512K), 3 survivors (3072K)
 Metaspace       used 71247K, committed 72896K, reserved 1114112K
  class space    used 9300K, committed 10048K, reserved 1048576K
}
Event: 8275.885 GC heap after
{Heap after GC invocations=166 (full 19):
 garbage-first heap   total 177152K, used 83276K [0x0000000084000000, 0x0000000100000000)
  region size 1024K, 3 young (3072K), 3 survivors (3072K)
 Metaspace       used 71247K, committed 72896K, reserved 1114112K
  class space    used 9300K, committed 10048K, reserved 1048576K
}
Event: 8277.620 GC heap before
{Heap before GC invocations=166 (full 19):
 garbage-first heap   total 177152K, used 88396K [0x0000000084000000, 0x0000000100000000)
  region size 1024K, 8 young (8192K), 3 survivors (3072K)
 Metaspace       used 71247K, committed 72896K, reserved 1114112K
  class space    used 9300K, committed 10048K, reserved 1048576K
}
Event: 8277.662 GC heap after
{Heap after GC invocations=167 (full 19):
 garbage-first heap   total 177152K, used 83180K [0x0000000084000000, 0x0000000100000000)
  region size 1024K, 1 young (1024K), 1 survivors (1024K)
 Metaspace       used 71247K, committed 72896K, reserved 1114112K
  class space    used 9300K, committed 10048K, reserved 1048576K
}
Event: 8298.935 GC heap before
{Heap before GC invocations=167 (full 19):
 garbage-first heap   total 177152K, used 148716K [0x0000000084000000, 0x0000000100000000)
  region size 1024K, 65 young (66560K), 1 survivors (1024K)
 Metaspace       used 71270K, committed 72896K, reserved 1114112K
  class space    used 9308K, committed 10048K, reserved 1048576K
}
Event: 8299.156 GC heap after
{Heap after GC invocations=168 (full 19):
 garbage-first heap   total 177152K, used 83083K [0x0000000084000000, 0x0000000100000000)
  region size 1024K, 1 young (1024K), 1 survivors (1024K)
 Metaspace       used 71270K, committed 72896K, reserved 1114112K
  class space    used 9308K, committed 10048K, reserved 1048576K
}
Event: 8321.160 GC heap before
{Heap before GC invocations=169 (full 19):
 garbage-first heap   total 177152K, used 148619K [0x0000000084000000, 0x0000000100000000)
  region size 1024K, 66 young (67584K), 1 survivors (1024K)
 Metaspace       used 71226K, committed 72896K, reserved 1114112K
  class space    used 9299K, committed 10048K, reserved 1048576K
}
Event: 8321.532 GC heap after
{Heap after GC invocations=170 (full 19):
 garbage-first heap   total 177152K, used 83056K [0x0000000084000000, 0x0000000100000000)
  region size 1024K, 1 young (1024K), 1 survivors (1024K)
 Metaspace       used 71226K, committed 72896K, reserved 1114112K
  class space    used 9299K, committed 10048K, reserved 1048576K
}
Event: 8323.909 GC heap before
{Heap before GC invocations=170 (full 19):
 garbage-first heap   total 177152K, used 90224K [0x0000000084000000, 0x0000000100000000)
  region size 1024K, 8 young (8192K), 1 survivors (1024K)
 Metaspace       used 71226K, committed 72896K, reserved 1114112K
  class space    used 9299K, committed 10048K, reserved 1048576K
}
Event: 8324.707 GC heap after
{Heap after GC invocations=171 (full 19):
 garbage-first heap   total 177152K, used 82400K [0x0000000084000000, 0x0000000100000000)
  region size 1024K, 1 young (1024K), 1 survivors (1024K)
 Metaspace       used 71226K, committed 72896K, reserved 1114112K
  class space    used 9299K, committed 10048K, reserved 1048576K
}
Event: 8401.415 GC heap before
{Heap before GC invocations=171 (full 19):
 garbage-first heap   total 177152K, used 95712K [0x0000000084000000, 0x0000000100000000)
  region size 1024K, 14 young (14336K), 1 survivors (1024K)
 Metaspace       used 71226K, committed 72896K, reserved 1114112K
  class space    used 9299K, committed 10048K, reserved 1048576K
}

